<?xml version="1.0" encoding="UTF-8" ?>
<testsuite errors="0" failures="7" hostname="ruka" name="test.ui.GraphTransitionTest" skipped="0" tests="7" time="0.06" timestamp="2015-11-17T13:01:01">
  <properties>
    <property name="ant.project.invoked-targets" value="runtests" />
    <property name="java.runtime.name" value="OpenJDK Runtime Environment" />
    <property name="sun.boot.library.path" value="/usr/lib/jvm/java-7-openjdk-amd64/jre/lib/amd64" />
    <property name="java.vm.version" value="24.85-b03" />
    <property name="ant.library.dir" value="/usr/share/ant/lib" />
    <property name="ant.version" value="Apache Ant(TM) version 1.9.3 compiled on April 8 2014" />
    <property name="ant.java.version" value="1.7" />
    <property name="java.vm.vendor" value="Oracle Corporation" />
    <property name="java.vendor.url" value="http://java.oracle.com/" />
    <property name="ant.file.regexp_vis" value="/media/lykat/Data/Documents/Uni/group_co600/co600_project/regexp_vis/build.xml" />
    <property name="path.separator" value=":" />
    <property name="java.vm.name" value="OpenJDK 64-Bit Server VM" />
    <property name="file.encoding.pkg" value="sun.io" />
    <property name="user.country" value="GB" />
    <property name="sun.java.launcher" value="SUN_STANDARD" />
    <property name="sun.os.patch.level" value="unknown" />
    <property name="java.vm.specification.name" value="Java Virtual Machine Specification" />
    <property name="user.dir" value="/media/lykat/Data/Documents/Uni/group_co600/co600_project/regexp_vis" />
    <property name="timestamp" value="2015-11-17_130100" />
    <property name="java.runtime.version" value="1.7.0_85-b01" />
    <property name="java.awt.graphicsenv" value="sun.awt.X11GraphicsEnvironment" />
    <property name="basedir" value="/media/lykat/Data/Documents/Uni/group_co600/co600_project/regexp_vis" />
    <property name="java.endorsed.dirs" value="/usr/lib/jvm/java-7-openjdk-amd64/jre/lib/endorsed" />
    <property name="os.arch" value="amd64" />
    <property name="ant.project.default-target" value="jar" />
    <property name="java.io.tmpdir" value="/tmp" />
    <property name="ant.core.lib" value="/usr/share/ant/lib/ant.jar" />
    <property name="line.separator" value="&#xa;" />
    <property name="java.vm.specification.vendor" value="Oracle Corporation" />
    <property name="mainclass" value="main.Program" />
    <property name="os.name" value="Linux" />
    <property name="DSTAMP" value="20151117" />
    <property name="ant.home" value="/usr/share/ant" />
    <property name="ant.project.name" value="regexp_vis" />
    <property name="sun.jnu.encoding" value="UTF-8" />
    <property name="reportdir" value="/media/lykat/Data/Documents/Uni/group_co600/co600_project/regexp_vis/testreports" />
    <property name="TODAY" value="November 17 2015" />
    <property name="java.library.path" value="/usr/java/packages/lib/amd64:/usr/lib/x86_64-linux-gnu/jni:/lib/x86_64-linux-gnu:/usr/lib/x86_64-linux-gnu:/usr/lib/jni:/lib:/usr/lib" />
    <property name="java.class.version" value="51.0" />
    <property name="java.specification.name" value="Java Platform API Specification" />
    <property name="sun.management.compiler" value="HotSpot 64-Bit Tiered Compilers" />
    <property name="os.version" value="3.13.0-66-generic" />
    <property name="ant.file" value="/media/lykat/Data/Documents/Uni/group_co600/co600_project/regexp_vis/build.xml" />
    <property name="user.home" value="/home/lykat" />
    <property name="user.timezone" value="" />
    <property name="java.awt.printerjob" value="sun.print.PSPrinterJob" />
    <property name="java.specification.version" value="1.7" />
    <property name="file.encoding" value="UTF-8" />
    <property name="TSTAMP" value="1301" />
    <property name="java.class.path" value="/media/lykat/Data/Documents/Uni/group_co600/co600_project/regexp_vis/lib/test/ant-junit.jar:/media/lykat/Data/Documents/Uni/group_co600/co600_project/regexp_vis/lib/test/hamcrest-core-1.3.jar:/media/lykat/Data/Documents/Uni/group_co600/co600_project/regexp_vis/lib/test/junit-4.12.jar:/media/lykat/Data/Documents/Uni/group_co600/co600_project/regexp_vis/bin:/usr/share/java/ant-launcher-1.9.3.jar:/usr/share/ant/lib/ant.jar:/usr/share/ant/lib/ant-junit.jar:/usr/share/ant/lib/ant-junit4.jar" />
    <property name="user.name" value="lykat" />
    <property name="java.vm.specification.version" value="1.7" />
    <property name="sun.java.command" value="org.apache.tools.ant.taskdefs.optional.junit.JUnitTestRunner test.ui.GraphTransitionTest skipNonTests=false filtertrace=true haltOnError=false haltOnFailure=false formatter=org.apache.tools.ant.taskdefs.optional.junit.SummaryJUnitResultFormatter showoutput=false outputtoformatters=true logfailedtests=true logtestlistenerevents=false formatter=org.apache.tools.ant.taskdefs.optional.junit.XMLJUnitResultFormatter,/media/lykat/Data/Documents/Uni/group_co600/co600_project/regexp_vis/testreports/2015-11-17_130100/TEST-test.ui.GraphTransitionTest.xml crashfile=/media/lykat/Data/Documents/Uni/group_co600/co600_project/regexp_vis/junitvmwatcher6489858834148618285.properties propsfile=/media/lykat/Data/Documents/Uni/group_co600/co600_project/regexp_vis/junit6976459989444108704.properties" />
    <property name="sun.arch.data.model" value="64" />
    <property name="java.home" value="/usr/lib/jvm/java-7-openjdk-amd64/jre" />
    <property name="java.specification.vendor" value="Oracle Corporation" />
    <property name="user.language" value="en" />
    <property name="awt.toolkit" value="sun.awt.X11.XToolkit" />
    <property name="java.vm.info" value="mixed mode" />
    <property name="java.version" value="1.7.0_85" />
    <property name="java.ext.dirs" value="/usr/lib/jvm/java-7-openjdk-amd64/jre/lib/ext:/usr/java/packages/lib/ext" />
    <property name="ant.file.type.regexp_vis" value="file" />
    <property name="sun.boot.class.path" value="/usr/lib/jvm/java-7-openjdk-amd64/jre/lib/resources.jar:/usr/lib/jvm/java-7-openjdk-amd64/jre/lib/rt.jar:/usr/lib/jvm/java-7-openjdk-amd64/jre/lib/sunrsasign.jar:/usr/lib/jvm/java-7-openjdk-amd64/jre/lib/jsse.jar:/usr/lib/jvm/java-7-openjdk-amd64/jre/lib/jce.jar:/usr/lib/jvm/java-7-openjdk-amd64/jre/lib/charsets.jar:/usr/lib/jvm/java-7-openjdk-amd64/jre/lib/rhino.jar:/usr/lib/jvm/java-7-openjdk-amd64/jre/lib/jfr.jar:/usr/lib/jvm/java-7-openjdk-amd64/jre/classes" />
    <property name="java.vendor" value="Oracle Corporation" />
    <property name="outdir" value="/media/lykat/Data/Documents/Uni/group_co600/co600_project/regexp_vis/testreports/2015-11-17_130100" />
    <property name="file.separator" value="/" />
    <property name="java.vendor.url.bug" value="http://bugreport.sun.com/bugreport/" />
    <property name="sun.cpu.endian" value="little" />
    <property name="sun.io.unicode.encoding" value="UnicodeLittle" />
    <property name="ant.file.type" value="file" />
    <property name="sun.cpu.isalist" value="" />
  </properties>
  <testcase classname="test.ui.GraphTransitionTest" name="testGetTo" time="0.006">
    <failure message="Not yet implemented" type="junit.framework.AssertionFailedError">junit.framework.AssertionFailedError: Not yet implemented
	at test.ui.GraphTransitionTest.testGetTo(Unknown Source)
</failure>
  </testcase>
  <testcase classname="test.ui.GraphTransitionTest" name="testToString" time="0.001">
    <failure message="Not yet implemented" type="junit.framework.AssertionFailedError">junit.framework.AssertionFailedError: Not yet implemented
	at test.ui.GraphTransitionTest.testToString(Unknown Source)
</failure>
  </testcase>
  <testcase classname="test.ui.GraphTransitionTest" name="testGetFrom" time="0.001">
    <failure message="Not yet implemented" type="junit.framework.AssertionFailedError">junit.framework.AssertionFailedError: Not yet implemented
	at test.ui.GraphTransitionTest.testGetFrom(Unknown Source)
</failure>
  </testcase>
  <testcase classname="test.ui.GraphTransitionTest" name="testGetTransition" time="0.001">
    <failure message="Not yet implemented" type="junit.framework.AssertionFailedError">junit.framework.AssertionFailedError: Not yet implemented
	at test.ui.GraphTransitionTest.testGetTransition(Unknown Source)
</failure>
  </testcase>
  <testcase classname="test.ui.GraphTransitionTest" name="testGraphTransition" time="0.001">
    <failure message="Not yet implemented" type="junit.framework.AssertionFailedError">junit.framework.AssertionFailedError: Not yet implemented
	at test.ui.GraphTransitionTest.testGraphTransition(Unknown Source)
</failure>
  </testcase>
  <testcase classname="test.ui.GraphTransitionTest" name="testHashCode" time="0.001">
    <failure message="Not yet implemented" type="junit.framework.AssertionFailedError">junit.framework.AssertionFailedError: Not yet implemented
	at test.ui.GraphTransitionTest.testHashCode(Unknown Source)
</failure>
  </testcase>
  <testcase classname="test.ui.GraphTransitionTest" name="testEquals" time="0.001">
    <failure message="Not yet implemented" type="junit.framework.AssertionFailedError">junit.framework.AssertionFailedError: Not yet implemented
	at test.ui.GraphTransitionTest.testEquals(Unknown Source)
</failure>
  </testcase>
  <system-out><![CDATA[]]></system-out>
  <system-err><![CDATA[]]></system-err>
</testsuite>
