<?xml version="1.0" encoding="UTF-8" ?>
<testsuite errors="0" failures="7" hostname="ruka" name="test.ui.GraphTransitionTest" skipped="0" tests="7" time="0.06" timestamp="2015-11-17T13:01:01">
  <properties>
[...]
</properties>
  <testcase classname="test.ui.GraphTransitionTest" name="testGetTo" time="0.006">
    <failure message="Not yet implemented" type="junit.framework.AssertionFailedError">junit.framework.AssertionFailedError: Not yet implemented
	at test.ui.GraphTransitionTest.testGetTo(Unknown Source)
</failure>
  </testcase>
  <testcase classname="test.ui.GraphTransitionTest" name="testToString" time="0.001">
    <failure message="Not yet implemented" type="junit.framework.AssertionFailedError">junit.framework.AssertionFailedError: Not yet implemented
	at test.ui.GraphTransitionTest.testToString(Unknown Source)
</failure>
  </testcase>
  <testcase classname="test.ui.GraphTransitionTest" name="testGetFrom" time="0.001">
    <failure message="Not yet implemented" type="junit.framework.AssertionFailedError">junit.framework.AssertionFailedError: Not yet implemented
	at test.ui.GraphTransitionTest.testGetFrom(Unknown Source)
</failure>
  </testcase>
  <testcase classname="test.ui.GraphTransitionTest" name="testGetTransition" time="0.001">
    <failure message="Not yet implemented" type="junit.framework.AssertionFailedError">junit.framework.AssertionFailedError: Not yet implemented
	at test.ui.GraphTransitionTest.testGetTransition(Unknown Source)
</failure>
  </testcase>
  <testcase classname="test.ui.GraphTransitionTest" name="testGraphTransition" time="0.001">
    <failure message="Not yet implemented" type="junit.framework.AssertionFailedError">junit.framework.AssertionFailedError: Not yet implemented
	at test.ui.GraphTransitionTest.testGraphTransition(Unknown Source)
</failure>
  </testcase>
  <testcase classname="test.ui.GraphTransitionTest" name="testHashCode" time="0.001">
    <failure message="Not yet implemented" type="junit.framework.AssertionFailedError">junit.framework.AssertionFailedError: Not yet implemented
	at test.ui.GraphTransitionTest.testHashCode(Unknown Source)
</failure>
  </testcase>
  <testcase classname="test.ui.GraphTransitionTest" name="testEquals" time="0.001">
    <failure message="Not yet implemented" type="junit.framework.AssertionFailedError">junit.framework.AssertionFailedError: Not yet implemented
	at test.ui.GraphTransitionTest.testEquals(Unknown Source)
</failure>
  </testcase>
  <system-out><![CDATA[]]></system-out>
  <system-err><![CDATA[]]></system-err>
</testsuite>
