<?xml version="1.0" encoding="UTF-8" ?>
<testsuites>
  <testsuite errors="0" failures="0" hostname="ruka" id="0" name="CommandHistoryTest" package="test.model" skipped="0" tests="1" time="0.05" timestamp="2015-11-17T13:01:00">
      <properties>
[...]
</properties>

      <testcase classname="test.model.CommandHistoryTest" name="testAutomatonHistoryComplex" time="0.002" />

      <system-out />

      <system-err />

  </testsuite>
  <testsuite errors="0" failures="10" hostname="ruka" id="1" name="GraphStateTest" package="test.ui" skipped="0" tests="10" time="0.064" timestamp="2015-11-17T13:01:00">
      <properties>
[...]
</properties>

      <testcase classname="test.ui.GraphStateTest" name="testGraphStateMxICell" time="0.006">
          <failure message="Not yet implemented" type="junit.framework.AssertionFailedError">junit.framework.AssertionFailedError: Not yet implemented
	at test.ui.GraphStateTest.testGraphStateMxICell(Unknown Source)
</failure>

      </testcase>

      <testcase classname="test.ui.GraphStateTest" name="testGetState" time="0.001">
          <failure message="Not yet implemented" type="junit.framework.AssertionFailedError">junit.framework.AssertionFailedError: Not yet implemented
	at test.ui.GraphStateTest.testGetState(Unknown Source)
</failure>

      </testcase>

      <testcase classname="test.ui.GraphStateTest" name="testToString" time="0.0">
          <failure message="Not yet implemented" type="junit.framework.AssertionFailedError">junit.framework.AssertionFailedError: Not yet implemented
	at test.ui.GraphStateTest.testToString(Unknown Source)
</failure>

      </testcase>

      <testcase classname="test.ui.GraphStateTest" name="testGraphStateMxICellBoolean" time="0.0">
          <failure message="Not yet implemented" type="junit.framework.AssertionFailedError">junit.framework.AssertionFailedError: Not yet implemented
	at test.ui.GraphStateTest.testGraphStateMxICellBoolean(Unknown Source)
</failure>

      </testcase>

      <testcase classname="test.ui.GraphStateTest" name="testHashCode" time="0.001">
          <failure message="Not yet implemented" type="junit.framework.AssertionFailedError">junit.framework.AssertionFailedError: Not yet implemented
	at test.ui.GraphStateTest.testHashCode(Unknown Source)
</failure>

      </testcase>

      <testcase classname="test.ui.GraphStateTest" name="testEquals" time="0.001">
          <failure message="Not yet implemented" type="junit.framework.AssertionFailedError">junit.framework.AssertionFailedError: Not yet implemented
	at test.ui.GraphStateTest.testEquals(Unknown Source)
</failure>

      </testcase>

      <testcase classname="test.ui.GraphStateTest" name="testIsFinal" time="0.001">
          <failure message="Not yet implemented" type="junit.framework.AssertionFailedError">junit.framework.AssertionFailedError: Not yet implemented
	at test.ui.GraphStateTest.testIsFinal(Unknown Source)
</failure>

      </testcase>

      <testcase classname="test.ui.GraphStateTest" name="testIsStart" time="0.001">
          <failure message="Not yet implemented" type="junit.framework.AssertionFailedError">junit.framework.AssertionFailedError: Not yet implemented
	at test.ui.GraphStateTest.testIsStart(Unknown Source)
</failure>

      </testcase>

      <testcase classname="test.ui.GraphStateTest" name="testSetFinal" time="0.0">
          <failure message="Not yet implemented" type="junit.framework.AssertionFailedError">junit.framework.AssertionFailedError: Not yet implemented
	at test.ui.GraphStateTest.testSetFinal(Unknown Source)
</failure>

      </testcase>

      <testcase classname="test.ui.GraphStateTest" name="testSetStart" time="0.001">
          <failure message="Not yet implemented" type="junit.framework.AssertionFailedError">junit.framework.AssertionFailedError: Not yet implemented
	at test.ui.GraphStateTest.testSetStart(Unknown Source)
</failure>

      </testcase>

      <system-out />

      <system-err />

  </testsuite>
  <testsuite errors="0" failures="26" hostname="ruka" id="2" name="GraphTest" package="test.ui" skipped="0" tests="26" time="0.079" timestamp="2015-11-17T13:01:01">
      <properties>
[...]
</properties>

      <testcase classname="test.ui.GraphTest" name="testContainsTransitionGraphTransition" time="0.006">
          <failure message="Not yet implemented" type="junit.framework.AssertionFailedError">junit.framework.AssertionFailedError: Not yet implemented
	at test.ui.GraphTest.testContainsTransitionGraphTransition(Unknown Source)
</failure>

      </testcase>

      <testcase classname="test.ui.GraphTest" name="testRemoveTransition" time="0.001">
          <failure message="Not yet implemented" type="junit.framework.AssertionFailedError">junit.framework.AssertionFailedError: Not yet implemented
	at test.ui.GraphTest.testRemoveTransition(Unknown Source)
</failure>

      </testcase>

      <testcase classname="test.ui.GraphTest" name="testAddAutomaton" time="0.001">
          <failure message="Not yet implemented" type="junit.framework.AssertionFailedError">junit.framework.AssertionFailedError: Not yet implemented
	at test.ui.GraphTest.testAddAutomaton(Unknown Source)
</failure>

      </testcase>

      <testcase classname="test.ui.GraphTest" name="testInsertAutomatonState" time="0.001">
          <failure message="Not yet implemented" type="junit.framework.AssertionFailedError">junit.framework.AssertionFailedError: Not yet implemented
	at test.ui.GraphTest.testInsertAutomatonState(Unknown Source)
</failure>

      </testcase>

      <testcase classname="test.ui.GraphTest" name="testClear" time="0.001">
          <failure message="Not yet implemented" type="junit.framework.AssertionFailedError">junit.framework.AssertionFailedError: Not yet implemented
	at test.ui.GraphTest.testClear(Unknown Source)
</failure>

      </testcase>

      <testcase classname="test.ui.GraphTest" name="testGraph" time="0.001">
          <failure message="Not yet implemented" type="junit.framework.AssertionFailedError">junit.framework.AssertionFailedError: Not yet implemented
	at test.ui.GraphTest.testGraph(Unknown Source)
</failure>

      </testcase>

      <testcase classname="test.ui.GraphTest" name="testToString" time="0.001">
          <failure message="Not yet implemented" type="junit.framework.AssertionFailedError">junit.framework.AssertionFailedError: Not yet implemented
	at test.ui.GraphTest.testToString(Unknown Source)
</failure>

      </testcase>

      <testcase classname="test.ui.GraphTest" name="testRemoveStateGraphStateBoolean" time="0.001">
          <failure message="Not yet implemented" type="junit.framework.AssertionFailedError">junit.framework.AssertionFailedError: Not yet implemented
	at test.ui.GraphTest.testRemoveStateGraphStateBoolean(Unknown Source)
</failure>

      </testcase>

      <testcase classname="test.ui.GraphTest" name="testCreateNewTransition" time="0.001">
          <failure message="Not yet implemented" type="junit.framework.AssertionFailedError">junit.framework.AssertionFailedError: Not yet implemented
	at test.ui.GraphTest.testCreateNewTransition(Unknown Source)
</failure>

      </testcase>

      <testcase classname="test.ui.GraphTest" name="testAddState" time="0.001">
          <failure message="Not yet implemented" type="junit.framework.AssertionFailedError">junit.framework.AssertionFailedError: Not yet implemented
	at test.ui.GraphTest.testAddState(Unknown Source)
</failure>

      </testcase>

      <testcase classname="test.ui.GraphTest" name="testGetStateTransitions" time="0.001">
          <failure message="Not yet implemented" type="junit.framework.AssertionFailedError">junit.framework.AssertionFailedError: Not yet implemented
	at test.ui.GraphTest.testGetStateTransitions(Unknown Source)
</failure>

      </testcase>

      <testcase classname="test.ui.GraphTest" name="testInsertAutomatonTransition" time="0.0">
          <failure message="Not yet implemented" type="junit.framework.AssertionFailedError">junit.framework.AssertionFailedError: Not yet implemented
	at test.ui.GraphTest.testInsertAutomatonTransition(Unknown Source)
</failure>

      </testcase>

      <testcase classname="test.ui.GraphTest" name="testContainsStateGraphState" time="0.0">
          <failure message="Not yet implemented" type="junit.framework.AssertionFailedError">junit.framework.AssertionFailedError: Not yet implemented
	at test.ui.GraphTest.testContainsStateGraphState(Unknown Source)
</failure>

      </testcase>

      <testcase classname="test.ui.GraphTest" name="testAddTransition" time="0.0">
          <failure message="Not yet implemented" type="junit.framework.AssertionFailedError">junit.framework.AssertionFailedError: Not yet implemented
	at test.ui.GraphTest.testAddTransition(Unknown Source)
</failure>

      </testcase>

      <testcase classname="test.ui.GraphTest" name="testRemoveStateGraphState" time="0.001">
          <failure message="Not yet implemented" type="junit.framework.AssertionFailedError">junit.framework.AssertionFailedError: Not yet implemented
	at test.ui.GraphTest.testRemoveStateGraphState(Unknown Source)
</failure>

      </testcase>

      <testcase classname="test.ui.GraphTest" name="testContainsTransitionMxICell" time="0.002">
          <failure message="Not yet implemented" type="junit.framework.AssertionFailedError">junit.framework.AssertionFailedError: Not yet implemented
	at test.ui.GraphTest.testContainsTransitionMxICell(Unknown Source)
</failure>

      </testcase>

      <testcase classname="test.ui.GraphTest" name="testSetStartState" time="0.0">
          <failure message="Not yet implemented" type="junit.framework.AssertionFailedError">junit.framework.AssertionFailedError: Not yet implemented
	at test.ui.GraphTest.testSetStartState(Unknown Source)
</failure>

      </testcase>

      <testcase classname="test.ui.GraphTest" name="testRemoveEdgesBetween" time="0.0">
          <failure message="Not yet implemented" type="junit.framework.AssertionFailedError">junit.framework.AssertionFailedError: Not yet implemented
	at test.ui.GraphTest.testRemoveEdgesBetween(Unknown Source)
</failure>

      </testcase>

      <testcase classname="test.ui.GraphTest" name="testHashCode" time="0.001">
          <failure message="Not yet implemented" type="junit.framework.AssertionFailedError">junit.framework.AssertionFailedError: Not yet implemented
	at test.ui.GraphTest.testHashCode(Unknown Source)
</failure>

      </testcase>

      <testcase classname="test.ui.GraphTest" name="testCreateStylesheet" time="0.001">
          <failure message="Not yet implemented" type="junit.framework.AssertionFailedError">junit.framework.AssertionFailedError: Not yet implemented
	at test.ui.GraphTest.testCreateStylesheet(Unknown Source)
</failure>

      </testcase>

      <testcase classname="test.ui.GraphTest" name="testAddStateWithTransitions" time="0.001">
          <failure message="Not yet implemented" type="junit.framework.AssertionFailedError">junit.framework.AssertionFailedError: Not yet implemented
	at test.ui.GraphTest.testAddStateWithTransitions(Unknown Source)
</failure>

      </testcase>

      <testcase classname="test.ui.GraphTest" name="testCreateNewState" time="0.0">
          <failure message="Not yet implemented" type="junit.framework.AssertionFailedError">junit.framework.AssertionFailedError: Not yet implemented
	at test.ui.GraphTest.testCreateNewState(Unknown Source)
</failure>

      </testcase>

      <testcase classname="test.ui.GraphTest" name="testEquals" time="0.0">
          <failure message="Not yet implemented" type="junit.framework.AssertionFailedError">junit.framework.AssertionFailedError: Not yet implemented
	at test.ui.GraphTest.testEquals(Unknown Source)
</failure>

      </testcase>

      <testcase classname="test.ui.GraphTest" name="testIsFinalState" time="0.001">
          <failure message="Not yet implemented" type="junit.framework.AssertionFailedError">junit.framework.AssertionFailedError: Not yet implemented
	at test.ui.GraphTest.testIsFinalState(Unknown Source)
</failure>

      </testcase>

      <testcase classname="test.ui.GraphTest" name="testContainsStateMxICell" time="0.001">
          <failure message="Not yet implemented" type="junit.framework.AssertionFailedError">junit.framework.AssertionFailedError: Not yet implemented
	at test.ui.GraphTest.testContainsStateMxICell(Unknown Source)
</failure>

      </testcase>

      <testcase classname="test.ui.GraphTest" name="testSetFinal" time="0.0">
          <failure message="Not yet implemented" type="junit.framework.AssertionFailedError">junit.framework.AssertionFailedError: Not yet implemented
	at test.ui.GraphTest.testSetFinal(Unknown Source)
</failure>

      </testcase>

      <system-out />

      <system-err />

  </testsuite>
  <testsuite errors="0" failures="7" hostname="ruka" id="3" name="GraphTransitionTest" package="test.ui" skipped="0" tests="7" time="0.06" timestamp="2015-11-17T13:01:01">
      <properties>
[...]
</properties>

      <testcase classname="test.ui.GraphTransitionTest" name="testGetTo" time="0.006">
          <failure message="Not yet implemented" type="junit.framework.AssertionFailedError">junit.framework.AssertionFailedError: Not yet implemented
	at test.ui.GraphTransitionTest.testGetTo(Unknown Source)
</failure>

      </testcase>

      <testcase classname="test.ui.GraphTransitionTest" name="testToString" time="0.001">
          <failure message="Not yet implemented" type="junit.framework.AssertionFailedError">junit.framework.AssertionFailedError: Not yet implemented
	at test.ui.GraphTransitionTest.testToString(Unknown Source)
</failure>

      </testcase>

      <testcase classname="test.ui.GraphTransitionTest" name="testGetFrom" time="0.001">
          <failure message="Not yet implemented" type="junit.framework.AssertionFailedError">junit.framework.AssertionFailedError: Not yet implemented
	at test.ui.GraphTransitionTest.testGetFrom(Unknown Source)
</failure>

      </testcase>

      <testcase classname="test.ui.GraphTransitionTest" name="testGetTransition" time="0.001">
          <failure message="Not yet implemented" type="junit.framework.AssertionFailedError">junit.framework.AssertionFailedError: Not yet implemented
	at test.ui.GraphTransitionTest.testGetTransition(Unknown Source)
</failure>

      </testcase>

      <testcase classname="test.ui.GraphTransitionTest" name="testGraphTransition" time="0.001">
          <failure message="Not yet implemented" type="junit.framework.AssertionFailedError">junit.framework.AssertionFailedError: Not yet implemented
	at test.ui.GraphTransitionTest.testGraphTransition(Unknown Source)
</failure>

      </testcase>

      <testcase classname="test.ui.GraphTransitionTest" name="testHashCode" time="0.001">
          <failure message="Not yet implemented" type="junit.framework.AssertionFailedError">junit.framework.AssertionFailedError: Not yet implemented
	at test.ui.GraphTransitionTest.testHashCode(Unknown Source)
</failure>

      </testcase>

      <testcase classname="test.ui.GraphTransitionTest" name="testEquals" time="0.001">
          <failure message="Not yet implemented" type="junit.framework.AssertionFailedError">junit.framework.AssertionFailedError: Not yet implemented
	at test.ui.GraphTransitionTest.testEquals(Unknown Source)
</failure>

      </testcase>

      <system-out />

      <system-err />

  </testsuite>
  <testsuite errors="1" failures="0" hostname="ruka" id="4" name="GraphicsTest" package="test.ui" skipped="0" tests="1" time="0.0" timestamp="2015-11-17T13:01:01">
      <properties>
[...]
</properties>

      <error message="com/mxgraph/swing/mxGraphComponent" type="java.lang.NoClassDefFoundError">java.lang.NoClassDefFoundError: com/mxgraph/swing/mxGraphComponent
	at java.lang.ClassLoader.defineClass1(Native Method)
	at java.lang.ClassLoader.defineClass(ClassLoader.java:800)
	at java.security.SecureClassLoader.defineClass(SecureClassLoader.java:142)
	at java.net.URLClassLoader.defineClass(URLClassLoader.java:449)
	at java.net.URLClassLoader.access$100(URLClassLoader.java:71)
	at java.net.URLClassLoader$1.run(URLClassLoader.java:361)
	at java.net.URLClassLoader$1.run(URLClassLoader.java:355)
	at java.security.AccessController.doPrivileged(Native Method)
	at java.net.URLClassLoader.findClass(URLClassLoader.java:354)
	at java.lang.ClassLoader.loadClass(ClassLoader.java:425)
	at sun.misc.Launcher$AppClassLoader.loadClass(Launcher.java:308)
	at java.lang.ClassLoader.loadClass(ClassLoader.java:358)
	at java.lang.Class.forName0(Native Method)
	at java.lang.Class.forName(Class.java:195)
Caused by: java.lang.ClassNotFoundException: com.mxgraph.swing.mxGraphComponent
	at java.net.URLClassLoader$1.run(URLClassLoader.java:366)
	at java.net.URLClassLoader$1.run(URLClassLoader.java:355)
	at java.security.AccessController.doPrivileged(Native Method)
	at java.net.URLClassLoader.findClass(URLClassLoader.java:354)
	at java.lang.ClassLoader.loadClass(ClassLoader.java:425)
	at sun.misc.Launcher$AppClassLoader.loadClass(Launcher.java:308)
	at java.lang.ClassLoader.loadClass(ClassLoader.java:358)
</error>

      <system-out />

      <system-err />

  </testsuite>
  <testsuite errors="1" failures="0" hostname="ruka" id="5" name="UICommandHistoryTest" package="test.ui" skipped="0" tests="1" time="0.055" timestamp="2015-11-17T13:01:01">
      <properties>
[...]
</properties>

      <testcase classname="test.ui.UICommandHistoryTest" name="testGraphHistoryComplex" time="0.006">
          <error message="com/mxgraph/view/mxGraph" type="java.lang.NoClassDefFoundError">java.lang.NoClassDefFoundError: com/mxgraph/view/mxGraph
	at java.lang.ClassLoader.defineClass1(Native Method)
	at java.lang.ClassLoader.defineClass(ClassLoader.java:800)
	at java.security.SecureClassLoader.defineClass(SecureClassLoader.java:142)
	at java.net.URLClassLoader.defineClass(URLClassLoader.java:449)
	at java.net.URLClassLoader.access$100(URLClassLoader.java:71)
	at java.net.URLClassLoader$1.run(URLClassLoader.java:361)
	at java.net.URLClassLoader$1.run(URLClassLoader.java:355)
	at java.security.AccessController.doPrivileged(Native Method)
	at java.net.URLClassLoader.findClass(URLClassLoader.java:354)
	at java.lang.ClassLoader.loadClass(ClassLoader.java:425)
	at sun.misc.Launcher$AppClassLoader.loadClass(Launcher.java:308)
	at java.lang.ClassLoader.loadClass(ClassLoader.java:358)
	at test.ui.UICommandHistoryTest.testGraphHistoryComplex(Unknown Source)
Caused by: java.lang.ClassNotFoundException: com.mxgraph.view.mxGraph
	at java.net.URLClassLoader$1.run(URLClassLoader.java:366)
	at java.net.URLClassLoader$1.run(URLClassLoader.java:355)
	at java.security.AccessController.doPrivileged(Native Method)
	at java.net.URLClassLoader.findClass(URLClassLoader.java:354)
	at java.lang.ClassLoader.loadClass(ClassLoader.java:425)
	at sun.misc.Launcher$AppClassLoader.loadClass(Launcher.java:308)
	at java.lang.ClassLoader.loadClass(ClassLoader.java:358)
</error>

      </testcase>

      <system-out />

      <system-err />

  </testsuite>
  <testsuite errors="1" failures="0" hostname="ruka" id="6" name="UITest" package="test.ui" skipped="0" tests="1" time="0.049" timestamp="2015-11-17T13:01:01">
      <properties>
[...]
</properties>

      <testcase classname="test.ui.UITest" name="initializationError" time="0.004">
          <error message="No runnable methods" type="java.lang.Exception">java.lang.Exception: No runnable methods
	at java.lang.reflect.Constructor.newInstance(Constructor.java:526)
</error>

      </testcase>

      <system-out />

      <system-err />

  </testsuite>
</testsuites>
