<?xml version="1.0" encoding="UTF-8" ?>
<testsuites>
  <testsuite errors="0" failures="0" hostname="ruka" id="0" name="BasicRegexpTest" package="test.model" skipped="0" tests="10" time="0.054" timestamp="2015-11-20T16:47:21">
      <properties>
[...]
</properties>

      <testcase classname="test.model.BasicRegexpTest" name="testParseRegexp_correctness1" time="0.002" />

      <testcase classname="test.model.BasicRegexpTest" name="testParseRegexp_valid1" time="0.0" />

      <testcase classname="test.model.BasicRegexpTest" name="testParseRegexp_valid2" time="0.0" />

      <testcase classname="test.model.BasicRegexpTest" name="testParseRegexp_invalid1" time="0.0" />

      <testcase classname="test.model.BasicRegexpTest" name="testParseRegexp_invalid2" time="0.001" />

      <testcase classname="test.model.BasicRegexpTest" name="testParseRegexp_invalid3" time="0.0" />

      <testcase classname="test.model.BasicRegexpTest" name="testParseRegexp_invalid4" time="0.0" />

      <testcase classname="test.model.BasicRegexpTest" name="testParseRegexp_invalid5" time="0.0" />

      <testcase classname="test.model.BasicRegexpTest" name="testParseRegexp_invalid6" time="0.0" />

      <testcase classname="test.model.BasicRegexpTest" name="testParseRegexp_invalid7" time="0.0" />

      <system-out><![CDATA[[BasicRegexp:SEQUENCE] {
    [BasicRegexp:STAR] {
        [BasicRegexp:CHOICE] {
            [BasicRegexp:SEQUENCE] {
                [BasicRegexp:NONE] char = 0
                [BasicRegexp:NONE] char = 1
            }
            [BasicRegexp:SEQUENCE] {
                [BasicRegexp:NONE] char = 1
                [BasicRegexp:NONE] char = 0
            }
        }
    }
    [BasicRegexp:NONE] char = 1
    [BasicRegexp:NONE] char = 1
    [BasicRegexp:NONE] char = 1
    [BasicRegexp:NONE] char = 1
}
]]></system-out>

      <system-err />

  </testsuite>
  <testsuite errors="0" failures="0" hostname="ruka" id="1" name="CommandHistoryTest" package="test.model" skipped="0" tests="1" time="0.05" timestamp="2015-11-20T16:47:21">
      <properties>
[...]
</properties>

      <testcase classname="test.model.CommandHistoryTest" name="testAutomatonHistoryComplex" time="0.003" />

      <system-out />

      <system-err />

  </testsuite>
  <testsuite errors="2" failures="0" hostname="ruka" id="2" name="GraphLayoutTest" package="test.ui" skipped="0" tests="2" time="0.051" timestamp="2015-11-20T16:47:21">
      <properties>
[...]
</properties>

      <testcase classname="test.ui.GraphLayoutTest" name="initializationError" time="0.001">
          <error message="Test class should have exactly one public zero-argument constructor" type="java.lang.Exception">java.lang.Exception: Test class should have exactly one public zero-argument constructor
	at java.lang.reflect.Constructor.newInstance(Constructor.java:526)
</error>

          <error message="No runnable methods" type="java.lang.Exception">java.lang.Exception: No runnable methods
	at java.lang.reflect.Constructor.newInstance(Constructor.java:526)
</error>

      </testcase>

      <system-out />

      <system-err />

  </testsuite>
  <testsuite errors="0" failures="26" hostname="ruka" id="3" name="GraphTest" package="test.ui" skipped="0" tests="26" time="0.078" timestamp="2015-11-20T16:47:22">
      <properties>
[...]
</properties>

      <testcase classname="test.ui.GraphTest" name="testContainsTransitionmxCell" time="0.005">
          <failure message="Not yet implemented" type="junit.framework.AssertionFailedError">junit.framework.AssertionFailedError: Not yet implemented
	at test.ui.GraphTest.testContainsTransitionmxCell(Unknown Source)
</failure>

      </testcase>

      <testcase classname="test.ui.GraphTest" name="testRemoveTransition" time="0.0">
          <failure message="Not yet implemented" type="junit.framework.AssertionFailedError">junit.framework.AssertionFailedError: Not yet implemented
	at test.ui.GraphTest.testRemoveTransition(Unknown Source)
</failure>

      </testcase>

      <testcase classname="test.ui.GraphTest" name="testAddAutomaton" time="0.0">
          <failure message="Not yet implemented" type="junit.framework.AssertionFailedError">junit.framework.AssertionFailedError: Not yet implemented
	at test.ui.GraphTest.testAddAutomaton(Unknown Source)
</failure>

      </testcase>

      <testcase classname="test.ui.GraphTest" name="testInsertAutomatonState" time="0.001">
          <failure message="Not yet implemented" type="junit.framework.AssertionFailedError">junit.framework.AssertionFailedError: Not yet implemented
	at test.ui.GraphTest.testInsertAutomatonState(Unknown Source)
</failure>

      </testcase>

      <testcase classname="test.ui.GraphTest" name="testContainsStatemxCell" time="0.0">
          <failure message="Not yet implemented" type="junit.framework.AssertionFailedError">junit.framework.AssertionFailedError: Not yet implemented
	at test.ui.GraphTest.testContainsStatemxCell(Unknown Source)
</failure>

      </testcase>

      <testcase classname="test.ui.GraphTest" name="testClear" time="0.0">
          <failure message="Not yet implemented" type="junit.framework.AssertionFailedError">junit.framework.AssertionFailedError: Not yet implemented
	at test.ui.GraphTest.testClear(Unknown Source)
</failure>

      </testcase>

      <testcase classname="test.ui.GraphTest" name="testGraph" time="0.001">
          <failure message="Not yet implemented" type="junit.framework.AssertionFailedError">junit.framework.AssertionFailedError: Not yet implemented
	at test.ui.GraphTest.testGraph(Unknown Source)
</failure>

      </testcase>

      <testcase classname="test.ui.GraphTest" name="testToString" time="0.001">
          <failure message="Not yet implemented" type="junit.framework.AssertionFailedError">junit.framework.AssertionFailedError: Not yet implemented
	at test.ui.GraphTest.testToString(Unknown Source)
</failure>

      </testcase>

      <testcase classname="test.ui.GraphTest" name="testCreateNewTransition" time="0.001">
          <failure message="Not yet implemented" type="junit.framework.AssertionFailedError">junit.framework.AssertionFailedError: Not yet implemented
	at test.ui.GraphTest.testCreateNewTransition(Unknown Source)
</failure>

      </testcase>

      <testcase classname="test.ui.GraphTest" name="testAddState" time="0.001">
          <failure message="Not yet implemented" type="junit.framework.AssertionFailedError">junit.framework.AssertionFailedError: Not yet implemented
	at test.ui.GraphTest.testAddState(Unknown Source)
</failure>

      </testcase>

      <testcase classname="test.ui.GraphTest" name="testGetStateTransitions" time="0.001">
          <failure message="Not yet implemented" type="junit.framework.AssertionFailedError">junit.framework.AssertionFailedError: Not yet implemented
	at test.ui.GraphTest.testGetStateTransitions(Unknown Source)
</failure>

      </testcase>

      <testcase classname="test.ui.GraphTest" name="testRemoveStatemxCellBoolean" time="0.001">
          <failure message="Not yet implemented" type="junit.framework.AssertionFailedError">junit.framework.AssertionFailedError: Not yet implemented
	at test.ui.GraphTest.testRemoveStatemxCellBoolean(Unknown Source)
</failure>

      </testcase>

      <testcase classname="test.ui.GraphTest" name="testInsertAutomatonTransition" time="0.001">
          <failure message="Not yet implemented" type="junit.framework.AssertionFailedError">junit.framework.AssertionFailedError: Not yet implemented
	at test.ui.GraphTest.testInsertAutomatonTransition(Unknown Source)
</failure>

      </testcase>

      <testcase classname="test.ui.GraphTest" name="testAddTransition" time="0.001">
          <failure message="Not yet implemented" type="junit.framework.AssertionFailedError">junit.framework.AssertionFailedError: Not yet implemented
	at test.ui.GraphTest.testAddTransition(Unknown Source)
</failure>

      </testcase>

      <testcase classname="test.ui.GraphTest" name="testContainsTransitionMxICell" time="0.001">
          <failure message="Not yet implemented" type="junit.framework.AssertionFailedError">junit.framework.AssertionFailedError: Not yet implemented
	at test.ui.GraphTest.testContainsTransitionMxICell(Unknown Source)
</failure>

      </testcase>

      <testcase classname="test.ui.GraphTest" name="testSetStartState" time="0.002">
          <failure message="Not yet implemented" type="junit.framework.AssertionFailedError">junit.framework.AssertionFailedError: Not yet implemented
	at test.ui.GraphTest.testSetStartState(Unknown Source)
</failure>

      </testcase>

      <testcase classname="test.ui.GraphTest" name="testRemoveEdgesBetween" time="0.001">
          <failure message="Not yet implemented" type="junit.framework.AssertionFailedError">junit.framework.AssertionFailedError: Not yet implemented
	at test.ui.GraphTest.testRemoveEdgesBetween(Unknown Source)
</failure>

      </testcase>

      <testcase classname="test.ui.GraphTest" name="testHashCode" time="0.001">
          <failure message="Not yet implemented" type="junit.framework.AssertionFailedError">junit.framework.AssertionFailedError: Not yet implemented
	at test.ui.GraphTest.testHashCode(Unknown Source)
</failure>

      </testcase>

      <testcase classname="test.ui.GraphTest" name="testCreateStylesheet" time="0.001">
          <failure message="Not yet implemented" type="junit.framework.AssertionFailedError">junit.framework.AssertionFailedError: Not yet implemented
	at test.ui.GraphTest.testCreateStylesheet(Unknown Source)
</failure>

      </testcase>

      <testcase classname="test.ui.GraphTest" name="testAddStateWithTransitions" time="0.001">
          <failure message="Not yet implemented" type="junit.framework.AssertionFailedError">junit.framework.AssertionFailedError: Not yet implemented
	at test.ui.GraphTest.testAddStateWithTransitions(Unknown Source)
</failure>

      </testcase>

      <testcase classname="test.ui.GraphTest" name="testCreateNewState" time="0.001">
          <failure message="Not yet implemented" type="junit.framework.AssertionFailedError">junit.framework.AssertionFailedError: Not yet implemented
	at test.ui.GraphTest.testCreateNewState(Unknown Source)
</failure>

      </testcase>

      <testcase classname="test.ui.GraphTest" name="testEquals" time="0.0">
          <failure message="Not yet implemented" type="junit.framework.AssertionFailedError">junit.framework.AssertionFailedError: Not yet implemented
	at test.ui.GraphTest.testEquals(Unknown Source)
</failure>

      </testcase>

      <testcase classname="test.ui.GraphTest" name="testIsFinalState" time="0.0">
          <failure message="Not yet implemented" type="junit.framework.AssertionFailedError">junit.framework.AssertionFailedError: Not yet implemented
	at test.ui.GraphTest.testIsFinalState(Unknown Source)
</failure>

      </testcase>

      <testcase classname="test.ui.GraphTest" name="testContainsStateMxICell" time="0.001">
          <failure message="Not yet implemented" type="junit.framework.AssertionFailedError">junit.framework.AssertionFailedError: Not yet implemented
	at test.ui.GraphTest.testContainsStateMxICell(Unknown Source)
</failure>

      </testcase>

      <testcase classname="test.ui.GraphTest" name="testRemoveStatemxCell" time="0.001">
          <failure message="Not yet implemented" type="junit.framework.AssertionFailedError">junit.framework.AssertionFailedError: Not yet implemented
	at test.ui.GraphTest.testRemoveStatemxCell(Unknown Source)
</failure>

      </testcase>

      <testcase classname="test.ui.GraphTest" name="testSetFinal" time="0.001">
          <failure message="Not yet implemented" type="junit.framework.AssertionFailedError">junit.framework.AssertionFailedError: Not yet implemented
	at test.ui.GraphTest.testSetFinal(Unknown Source)
</failure>

      </testcase>

      <system-out />

      <system-err />

  </testsuite>
  <testsuite errors="1" failures="0" hostname="ruka" id="4" name="GraphicsTest" package="test.ui" skipped="0" tests="1" time="0.051" timestamp="2015-11-20T16:47:22">
      <properties>
[...]
</properties>

      <testcase classname="test.ui.GraphicsTest" name="initializationError" time="0.005">
          <error message="No runnable methods" type="java.lang.Exception">java.lang.Exception: No runnable methods
	at java.lang.reflect.Constructor.newInstance(Constructor.java:526)
</error>

      </testcase>

      <system-out />

      <system-err />

  </testsuite>
  <testsuite errors="0" failures="0" hostname="ruka" id="5" name="UICommandHistoryTest" package="test.ui" skipped="0" tests="1" time="0.165" timestamp="2015-11-20T16:47:22">
      <properties>
[...]
</properties>

      <testcase classname="test.ui.UICommandHistoryTest" name="testGraphHistoryComplex" time="0.118" />

      <system-out />

      <system-err />

  </testsuite>
  <testsuite errors="1" failures="0" hostname="ruka" id="6" name="UITest" package="test.ui" skipped="0" tests="1" time="0.05" timestamp="2015-11-20T16:47:22">
      <properties>
[...]
</properties>

      <testcase classname="test.ui.UITest" name="initializationError" time="0.005">
          <error message="No runnable methods" type="java.lang.Exception">java.lang.Exception: No runnable methods
	at java.lang.reflect.Constructor.newInstance(Constructor.java:526)
</error>

      </testcase>

      <system-out />

      <system-err />

  </testsuite>
</testsuites>
